<?xml version="1.0" encoding="UTF-8"?>
<coverage generated="1730317053822" clover="3.2.0">
  <project timestamp="1730317053822" name="All files">
    <metrics statements="5" coveredstatements="0" conditionals="0" coveredconditionals="0" methods="0" coveredmethods="0" elements="5" coveredelements="0" complexity="0" loc="5" ncloc="5" packages="1" files="5" classes="5"/>
    <file name="eslint.config.js" path="/Users/tommi/Desktop/nothing-but-react/eslint.config.js">
      <metrics statements="0" coveredstatements="0" conditionals="0" coveredconditionals="0" methods="0" coveredmethods="0"/>
    </file>
    <file name="jest.config.ts" path="/Users/tommi/Desktop/nothing-but-react/jest.config.ts">
      <metrics statements="1" coveredstatements="0" conditionals="0" coveredconditionals="0" methods="0" coveredmethods="0"/>
      <line num="2" count="0" type="stmt"/>
    </file>
    <file name="postcss.config.js" path="/Users/tommi/Desktop/nothing-but-react/postcss.config.js">
      <metrics statements="0" coveredstatements="0" conditionals="0" coveredconditionals="0" methods="0" coveredmethods="0"/>
    </file>
    <file name="tailwind.config.js" path="/Users/tommi/Desktop/nothing-but-react/tailwind.config.js">
      <metrics statements="1" coveredstatements="0" conditionals="0" coveredconditionals="0" methods="0" coveredmethods="0"/>
      <line num="2" count="0" type="stmt"/>
    </file>
    <file name="vite.config.ts" path="/Users/tommi/Desktop/nothing-but-react/vite.config.ts">
      <metrics statements="3" coveredstatements="0" conditionals="0" coveredconditionals="0" methods="0" coveredmethods="0"/>
      <line num="1" count="0" type="stmt"/>
      <line num="2" count="0" type="stmt"/>
      <line num="5" count="0" type="stmt"/>
    </file>
  </project>
</coverage>
