{"/Users/tommi/Desktop/nothing-but-react/eslint.config.js": {"path":"/Users/tommi/Desktop/nothing-but-react/eslint.config.js","statementMap":{},"fnMap":{},"branchMap":{},"s":{},"f":{},"b":{},"inputSourceMap":null}
,"/Users/tommi/Desktop/nothing-but-react/jest.config.ts": {"path":"/Users/tommi/Desktop/nothing-but-react/jest.config.ts","statementMap":{"0":{"start":{"line":2,"column":0},"end":{"line":25,"column":2}}},"fnMap":{},"branchMap":{},"s":{"0":0},"f":{},"b":{}}
,"/Users/tommi/Desktop/nothing-but-react/postcss.config.js": {"path":"/Users/tommi/Desktop/nothing-but-react/postcss.config.js","statementMap":{},"fnMap":{},"branchMap":{},"s":{},"f":{},"b":{},"inputSourceMap":null}
,"/Users/tommi/Desktop/nothing-but-react/tailwind.config.js": {"path":"/Users/tommi/Desktop/nothing-but-react/tailwind.config.js","statementMap":{"0":{"start":{"line":2,"column":0},"end":{"line":8,"column":2}}},"fnMap":{},"branchMap":{},"s":{"0":0},"f":{},"b":{},"inputSourceMap":null}
,"/Users/tommi/Desktop/nothing-but-react/vite.config.ts": {"path":"/Users/tommi/Desktop/nothing-but-react/vite.config.ts","statementMap":{"0":{"start":{"line":1,"column":0},"end":{"line":1,"column":35}},"1":{"start":{"line":2,"column":0},"end":{"line":2,"column":40}},"2":{"start":{"line":5,"column":0},"end":{"line":7,"column":null}}},"fnMap":{},"branchMap":{},"s":{"0":0,"1":0,"2":0},"f":{},"b":{}}
}
